Release 14.7 - xst P.20131013 (nt64)
Copyright (c) 1995-2013 Xilinx, Inc.  All rights reserved.
--> Parameter TMPDIR set to xst/projnav.tmp


Total REAL time to Xst completion: 0.00 secs
Total CPU time to Xst completion: 0.31 secs
 
--> Parameter xsthdpdir set to xst


Total REAL time to Xst completion: 0.00 secs
Total CPU time to Xst completion: 0.32 secs
 
--> Reading design: ALU.prj

TABLE OF CONTENTS
  1) Synthesis Options Summary
  2) HDL Parsing
  3) HDL Elaboration
  4) HDL Synthesis
       4.1) HDL Synthesis Report
  5) Advanced HDL Synthesis
       5.1) Advanced HDL Synthesis Report
  6) Low Level Synthesis
  7) Partition Report
  8) Design Summary
       8.1) Primitive and Black Box Usage
       8.2) Device utilization summary
       8.3) Partition Resource Summary
       8.4) Timing Report
            8.4.1) Clock Information
            8.4.2) Asynchronous Control Signals Information
            8.4.3) Timing Summary
            8.4.4) Timing Details
            8.4.5) Cross Clock Domains Report


=========================================================================
*                      Synthesis Options Summary                        *
=========================================================================
---- Source Parameters
Input File Name                    : "ALU.prj"
Ignore Synthesis Constraint File   : NO

---- Target Parameters
Output File Name                   : "ALU"
Output Format                      : NGC
Target Device                      : xa7a100t-2I-csg324

---- Source Options
Top Module Name                    : ALU
Automatic FSM Extraction           : YES
FSM Encoding Algorithm             : Auto
Safe Implementation                : No
FSM Style                          : LUT
RAM Extraction                     : Yes
RAM Style                          : Auto
ROM Extraction                     : Yes
Shift Register Extraction          : YES
ROM Style                          : Auto
Resource Sharing                   : YES
Asynchronous To Synchronous        : NO
Shift Register Minimum Size        : 2
Use DSP Block                      : Auto
Automatic Register Balancing       : No

---- Target Options
LUT Combining                      : Auto
Reduce Control Sets                : Auto
Add IO Buffers                     : YES
Global Maximum Fanout              : 100000
Add Generic Clock Buffer(BUFG)     : 32
Register Duplication               : YES
Optimize Instantiated Primitives   : NO
Use Clock Enable                   : Auto
Use Synchronous Set                : Auto
Use Synchronous Reset              : Auto
Pack IO Registers into IOBs        : Auto
Equivalent register Removal        : YES

---- General Options
Optimization Goal                  : Speed
Optimization Effort                : 1
Power Reduction                    : NO
Keep Hierarchy                     : No
Netlist Hierarchy                  : As_Optimized
RTL Output                         : Yes
Global Optimization                : AllClockNets
Read Cores                         : YES
Write Timing Constraints           : NO
Cross Clock Analysis               : NO
Hierarchy Separator                : /
Bus Delimiter                      : <>
Case Specifier                     : Maintain
Slice Utilization Ratio            : 100
BRAM Utilization Ratio             : 100
DSP48 Utilization Ratio            : 100
Auto BRAM Packing                  : NO
Slice Utilization Ratio Delta      : 5

=========================================================================


=========================================================================
*                          HDL Parsing                                  *
=========================================================================
Analyzing Verilog file "C:\Users\puyapardaz\Desktop\Phase 1\ISE\Project_Phase2\ALU.v" into library work
Parsing module <ALU>.

=========================================================================
*                            HDL Elaboration                            *
=========================================================================

Elaborating module <ALU>.

=========================================================================
*                           HDL Synthesis                               *
=========================================================================

Synthesizing Unit <ALU>.
    Related source file is "C:\Users\puyapardaz\Desktop\Phase 1\ISE\Project_Phase2\ALU.v".
WARNING:Xst:737 - Found 1-bit latch for signal <ALUOperation<2>>. Latches may be generated from incomplete case or if statements. We do not recommend the use of latches in FPGA/CPLD designs, as they may lead to timing problems.
WARNING:Xst:737 - Found 1-bit latch for signal <ALUOperation<1>>. Latches may be generated from incomplete case or if statements. We do not recommend the use of latches in FPGA/CPLD designs, as they may lead to timing problems.
WARNING:Xst:737 - Found 1-bit latch for signal <ALUOperation<0>>. Latches may be generated from incomplete case or if statements. We do not recommend the use of latches in FPGA/CPLD designs, as they may lead to timing problems.
WARNING:Xst:737 - Found 1-bit latch for signal <ALUOperation<3>>. Latches may be generated from incomplete case or if statements. We do not recommend the use of latches in FPGA/CPLD designs, as they may lead to timing problems.
    Summary:
	inferred   4 Latch(s).
	inferred   4 Multiplexer(s).
Unit <ALU> synthesized.

=========================================================================
HDL Synthesis Report

Macro Statistics
# Latches                                              : 4
 1-bit latch                                           : 4
# Multiplexers                                         : 4
 1-bit 2-to-1 multiplexer                              : 4

=========================================================================

=========================================================================
*                       Advanced HDL Synthesis                          *
=========================================================================

WARNING:Xst - The specified part-type was not generated at build time. XST is loading the full part-type and will therefore consume more CPU and memory.
Loading device for application Rf_Device from file '7a100t.nph' in environment C:\Xilinx\14.7\ISE_DS\ISE\.
Loading device for application Rf_Device from file '7a100t.nph' in environment C:\Xilinx\14.7\ISE_DS\ISE\.
WARNING:Xst:1710 - FF/Latch <ALUOperation_3> (without init value) has a constant value of 0 in block <ALU>. This FF/Latch will be trimmed during the optimization process.

=========================================================================
Advanced HDL Synthesis Report

Macro Statistics
# Multiplexers                                         : 4
 1-bit 2-to-1 multiplexer                              : 4

=========================================================================

=========================================================================
*                         Low Level Synthesis                           *
=========================================================================
WARNING:Xst:1710 - FF/Latch <ALUOperation_3> (without init value) has a constant value of 0 in block <ALU>. This FF/Latch will be trimmed during the optimization process.

Optimizing unit <ALU> ...

Mapping all equations...
Building and optimizing final netlist ...
Found area constraint ratio of 100 (+ 5) on block ALU, actual ratio is 0.

Final Macro Processing ...

=========================================================================
Final Register Report

Found no macro
=========================================================================

=========================================================================
*                           Partition Report                            *
=========================================================================

Partition Implementation Status
-------------------------------

  No Partitions were found in this design.

-------------------------------

=========================================================================
*                            Design Summary                             *
=========================================================================

Top Level Output File Name         : ALU.ngc

Primitive and Black Box Usage:
------------------------------
# BELS                             : 8
#      GND                         : 1
#      LUT2                        : 1
#      LUT3                        : 1
#      LUT4                        : 3
#      LUT5                        : 1
#      LUT6                        : 1
# FlipFlops/Latches                : 3
#      LD                          : 3
# IO Buffers                       : 11
#      IBUF                        : 7
#      OBUF                        : 4

Device utilization summary:
---------------------------

Selected Device : xa7a100tcsg324-2i 


Slice Logic Utilization: 
 Number of Slice LUTs:                    7  out of  63400     0%  
    Number used as Logic:                 7  out of  63400     0%  

Slice Logic Distribution: 
 Number of LUT Flip Flop pairs used:      7
   Number with an unused Flip Flop:       7  out of      7   100%  
   Number with an unused LUT:             0  out of      7     0%  
   Number of fully used LUT-FF pairs:     0  out of      7     0%  
   Number of unique control sets:         1

IO Utilization: 
 Number of IOs:                          11
 Number of bonded IOBs:                  11  out of    210     5%  
    IOB Flip Flops/Latches:               3

Specific Feature Utilization:

---------------------------
Partition Resource Summary:
---------------------------

  No Partitions were found in this design.

---------------------------


=========================================================================
Timing Report

NOTE: THESE TIMING NUMBERS ARE ONLY A SYNTHESIS ESTIMATE.
      FOR ACCURATE TIMING INFORMATION PLEASE REFER TO THE TRACE REPORT
      GENERATED AFTER PLACE-and-ROUTE.

Clock Information:
------------------
-----------------------------------------------------------+------------------------+-------+
Clock Signal                                               | Clock buffer(FF name)  | Load  |
-----------------------------------------------------------+------------------------+-------+
ALUOp[3]_PWR_3_o_Mux_5_o(Mmux_ALUOp[3]_PWR_3_o_Mux_5_o11:O)| NONE(*)(ALUOperation_2)| 3     |
-----------------------------------------------------------+------------------------+-------+
(*) This 1 clock signal(s) are generated by combinatorial logic,
and XST is not able to identify which are the primary clock signals.
Please use the CLOCK_SIGNAL constraint to specify the clock signal(s) generated by combinatorial logic.
INFO:Xst:2169 - HDL ADVISOR - Some clock signals were not automatically buffered by XST with BUFG/BUFR resources. Please use the buffer_type constraint in order to insert these buffers to the clock signals to help prevent skew problems.

Asynchronous Control Signals Information:
----------------------------------------
No asynchronous control signals found in this design

Timing Summary:
---------------
Speed Grade: -2

   Minimum period: No path found
   Minimum input arrival time before clock: 1.444ns
   Maximum output required time after clock: 0.811ns
   Maximum combinational path delay: No path found

Timing Details:
---------------
All values displayed in nanoseconds (ns)

=========================================================================
Timing constraint: Default OFFSET IN BEFORE for Clock 'ALUOp[3]_PWR_3_o_Mux_5_o'
  Total number of paths / destination ports: 21 / 3
-------------------------------------------------------------------------
Offset:              1.444ns (Levels of Logic = 3)
  Source:            ALUOp<3> (PAD)
  Destination:       ALUOperation_2 (LATCH)
  Destination Clock: ALUOp[3]_PWR_3_o_Mux_5_o falling

  Data Path: ALUOp<3> to ALUOperation_2
                                Gate     Net
    Cell:in->out      fanout   Delay   Delay  Logical Name (Net Name)
    ----------------------------------------  ------------
     IBUF:I->O             3   0.001   0.628  ALUOp_3_IBUF (ALUOp_3_IBUF)
     LUT4:I0->O            2   0.097   0.621  _n0021<3>1 (_n0021)
     LUT4:I0->O            1   0.097   0.000  Mmux_ALUOp[3]_GND_1_o_Mux_8_o11 (ALUOp[3]_GND_1_o_Mux_8_o)
     LD:D                     -0.028          ALUOperation_2
    ----------------------------------------
    Total                      1.444ns (0.195ns logic, 1.249ns route)
                                       (13.5% logic, 86.5% route)

=========================================================================
Timing constraint: Default OFFSET OUT AFTER for Clock 'ALUOp[3]_PWR_3_o_Mux_5_o'
  Total number of paths / destination ports: 3 / 3
-------------------------------------------------------------------------
Offset:              0.811ns (Levels of Logic = 1)
  Source:            ALUOperation_2 (LATCH)
  Destination:       ALUOperation<2> (PAD)
  Source Clock:      ALUOp[3]_PWR_3_o_Mux_5_o falling

  Data Path: ALUOperation_2 to ALUOperation<2>
                                Gate     Net
    Cell:in->out      fanout   Delay   Delay  Logical Name (Net Name)
    ----------------------------------------  ------------
     LD:G->Q               1   0.472   0.339  ALUOperation_2 (ALUOperation_2)
     OBUF:I->O                 0.000          ALUOperation_2_OBUF (ALUOperation<2>)
    ----------------------------------------
    Total                      0.811ns (0.472ns logic, 0.339ns route)
                                       (58.2% logic, 41.8% route)

=========================================================================

Cross Clock Domains Report:
--------------------------

=========================================================================


Total REAL time to Xst completion: 37.00 secs
Total CPU time to Xst completion: 36.93 secs
 
--> 

Total memory usage is 5026260 kilobytes

Number of errors   :    0 (   0 filtered)
Number of warnings :    7 (   0 filtered)
Number of infos    :    1 (   0 filtered)

